Base path: 'C:/Program Files/Unity/Hub/Editor/2019.4.10f1/Editor/Data', plugins path 'C:/Program Files/Unity/Hub/Editor/2019.4.10f1/Editor/Data/PlaybackEngines'
Cmd: initializeCompiler
Cmd: preprocessCompute
  insize=6858 outsize=6860 ok=1
Cmd: preprocessCompute
  insize=6842 outsize=6844 ok=1
Cmd: preprocess
  insize=38601 outsize=617 ok=1
Cmd: preprocessCompute
  insize=7275 outsize=7277 ok=1
Cmd: preprocessCompute
  insize=5792 outsize=5794 ok=1
Cmd: preprocess
  insize=38615 outsize=618 ok=1
Cmd: preprocessCompute
  insize=6858 outsize=6860 ok=1
Cmd: preprocessCompute
  insize=6842 outsize=6844 ok=1
Cmd: preprocess
  insize=38601 outsize=617 ok=1
Cmd: preprocessCompute
  insize=7342 outsize=7344 ok=1
Cmd: preprocessCompute
  insize=5792 outsize=5794 ok=1
Cmd: preprocess
  insize=38615 outsize=618 ok=1
Cmd: preprocessCompute
  insize=6858 outsize=6860 ok=1
Cmd: preprocessCompute
  insize=6842 outsize=6844 ok=1
Cmd: preprocess
  insize=38601 outsize=617 ok=1
Cmd: preprocessCompute
  insize=7342 outsize=7344 ok=1
Cmd: preprocessCompute
  insize=6196 outsize=6198 ok=1
Cmd: compileComputeKernel
  api=4 insize=6198 outsize=1505 ok=1
Cmd: preprocess
  insize=38615 outsize=618 ok=1
Cmd: preprocessCompute
  insize=7242 outsize=7244 ok=1
Cmd: compileComputeKernel
  api=4 insize=7244 outsize=2715 ok=1
Cmd: preprocessCompute
  insize=6842 outsize=6844 ok=1
Cmd: compileComputeKernel
  api=4 insize=6844 outsize=1791 ok=1
Cmd: preprocess
  insize=38601 outsize=618 ok=1
Cmd: preprocessCompute
  insize=7342 outsize=7344 ok=1
Cmd: preprocessCompute
  insize=6196 outsize=6198 ok=1
Cmd: preprocess
  insize=38615 outsize=618 ok=1
Cmd: preprocessCompute
  insize=7337 outsize=7339 ok=1
Cmd: compileComputeKernel
  api=4 insize=7339 outsize=2638 ok=1
Cmd: preprocessCompute
  insize=6842 outsize=6844 ok=1
Cmd: preprocess
  insize=38601 outsize=618 ok=1
Cmd: preprocessCompute
  insize=7342 outsize=7344 ok=1
Cmd: preprocessCompute
  insize=6196 outsize=6198 ok=1
Cmd: preprocess
  insize=38615 outsize=618 ok=1
Cmd: preprocessCompute
  insize=7242 outsize=7244 ok=1
Cmd: preprocessCompute
  insize=6842 outsize=6844 ok=1
Cmd: preprocess
  insize=38601 outsize=618 ok=1
Cmd: preprocessCompute
  insize=7342 outsize=7344 ok=1
Cmd: preprocessCompute
  insize=6196 outsize=6198 ok=1
Cmd: preprocess
  insize=38615 outsize=618 ok=1
Cmd: preprocessCompute
  insize=7242 outsize=7244 ok=1
Cmd: preprocessCompute
  insize=6842 outsize=6844 ok=1
Cmd: preprocess
  insize=38601 outsize=618 ok=1
Cmd: preprocessCompute
  insize=7342 outsize=7344 ok=1
Cmd: preprocessCompute
  insize=6196 outsize=6198 ok=1
Cmd: preprocess
  insize=38615 outsize=618 ok=1
Cmd: preprocessCompute
  insize=7242 outsize=7244 ok=1
Cmd: preprocessCompute
  insize=6842 outsize=6844 ok=1
Cmd: preprocess
  insize=38601 outsize=618 ok=1
Cmd: preprocessCompute
  insize=7342 outsize=7344 ok=1
Cmd: preprocessCompute
  insize=6196 outsize=6198 ok=1
Cmd: preprocess
  insize=38615 outsize=618 ok=1
Cmd: preprocessCompute
  insize=7242 outsize=7244 ok=1
Cmd: preprocessCompute
  insize=6842 outsize=6844 ok=1
Cmd: preprocess
  insize=38601 outsize=618 ok=1
Cmd: preprocessCompute
  insize=7342 outsize=7344 ok=1
Cmd: preprocessCompute
  insize=6196 outsize=6198 ok=1
Cmd: preprocess
  insize=38615 outsize=618 ok=1
Cmd: preprocessCompute
  insize=7242 outsize=7244 ok=1
Cmd: preprocessCompute
  insize=6842 outsize=6844 ok=1
Cmd: preprocess
  insize=38601 outsize=618 ok=1
Cmd: preprocessCompute
  insize=7342 outsize=7344 ok=1
Cmd: preprocessCompute
  insize=6196 outsize=6198 ok=1
Cmd: preprocess
  insize=38615 outsize=618 ok=1
Cmd: preprocessCompute
  insize=7242 outsize=7244 ok=1
Cmd: preprocessCompute
  insize=6842 outsize=6844 ok=1
Cmd: preprocess
  insize=38601 outsize=618 ok=1
Cmd: preprocessCompute
  insize=7342 outsize=7344 ok=1
Cmd: preprocessCompute
  insize=6196 outsize=6198 ok=1
Cmd: preprocess
  insize=38615 outsize=618 ok=1
Cmd: preprocessCompute
  insize=7242 outsize=7244 ok=1
Cmd: preprocessCompute
  insize=6842 outsize=6844 ok=1
Cmd: preprocess
  insize=38601 outsize=618 ok=1
Cmd: preprocessCompute
  insize=7342 outsize=7344 ok=1
Cmd: preprocessCompute
  insize=6196 outsize=6198 ok=1
Cmd: preprocess
  insize=38615 outsize=618 ok=1
Cmd: preprocessCompute
  insize=7242 outsize=7244 ok=1
Cmd: preprocessCompute
  insize=6842 outsize=6844 ok=1
Cmd: preprocess
  insize=38601 outsize=618 ok=1
Cmd: preprocessCompute
  insize=7342 outsize=7344 ok=1
Cmd: preprocessCompute
  insize=6196 outsize=6198 ok=1
Cmd: preprocess
  insize=38615 outsize=618 ok=1
Cmd: preprocessCompute
  insize=7242 outsize=7244 ok=1
Cmd: preprocessCompute
  insize=6842 outsize=6844 ok=1
Cmd: preprocess
  insize=38601 outsize=618 ok=1
Cmd: preprocessCompute
  insize=7342 outsize=7344 ok=1
Cmd: preprocessCompute
  insize=6196 outsize=6198 ok=1
Cmd: preprocess
  insize=38615 outsize=618 ok=1
Cmd: preprocessCompute
  insize=7242 outsize=7244 ok=1
Cmd: preprocessCompute
  insize=6842 outsize=6844 ok=1
Cmd: preprocess
  insize=38601 outsize=618 ok=1
Cmd: preprocessCompute
  insize=7342 outsize=7344 ok=1
Cmd: preprocessCompute
  insize=6196 outsize=6198 ok=1
Cmd: preprocess
  insize=38615 outsize=618 ok=1
Cmd: preprocessCompute
  insize=7242 outsize=7244 ok=1
Cmd: preprocessCompute
  insize=6842 outsize=6844 ok=1
Cmd: preprocess
  insize=38601 outsize=618 ok=1
Cmd: preprocessCompute
  insize=7342 outsize=7344 ok=1
Cmd: preprocessCompute
  insize=6196 outsize=6198 ok=1
Cmd: preprocess
  insize=38615 outsize=618 ok=1
Cmd: preprocessCompute
  insize=7242 outsize=7244 ok=1
Cmd: preprocessCompute
  insize=6842 outsize=6844 ok=1
Cmd: preprocess
  insize=38601 outsize=618 ok=1
Cmd: preprocessCompute
  insize=7342 outsize=7344 ok=1
Cmd: preprocessCompute
  insize=6196 outsize=6198 ok=1
Cmd: preprocess
  insize=38615 outsize=618 ok=1
Cmd: preprocessCompute
  insize=7242 outsize=7244 ok=1
Cmd: preprocessCompute
  insize=6842 outsize=6844 ok=1
Cmd: preprocess
  insize=38601 outsize=618 ok=1
Cmd: preprocessCompute
  insize=7342 outsize=7344 ok=1
Cmd: preprocessCompute
  insize=6196 outsize=6198 ok=1
Cmd: preprocess
  insize=38615 outsize=618 ok=1
Cmd: preprocessCompute
  insize=7242 outsize=7244 ok=1
Cmd: preprocessCompute
  insize=6842 outsize=6844 ok=1
Cmd: preprocess
  insize=38601 outsize=618 ok=1
Cmd: preprocessCompute
  insize=7342 outsize=7344 ok=1
Cmd: preprocessCompute
  insize=6196 outsize=6198 ok=1
Cmd: preprocess
  insize=38615 outsize=618 ok=1
Cmd: preprocessCompute
  insize=7242 outsize=7244 ok=1
Cmd: preprocessCompute
  insize=6842 outsize=6844 ok=1
Cmd: preprocess
  insize=38601 outsize=618 ok=1
Cmd: preprocessCompute
  insize=7342 outsize=7344 ok=1
Cmd: preprocessCompute
  insize=6196 outsize=6198 ok=1
Cmd: preprocess
  insize=38615 outsize=618 ok=1
Cmd: preprocessCompute
  insize=7242 outsize=7244 ok=1
Cmd: preprocessCompute
  insize=6842 outsize=6844 ok=1
Cmd: preprocess
  insize=38601 outsize=618 ok=1
Cmd: preprocessCompute
  insize=7342 outsize=7344 ok=1
Cmd: preprocessCompute
  insize=6196 outsize=6198 ok=1
Cmd: preprocess
  insize=38615 outsize=618 ok=1
Cmd: preprocessCompute
  insize=7242 outsize=7244 ok=1
Cmd: preprocessCompute
  insize=6842 outsize=6844 ok=1
Cmd: preprocess
  insize=38601 outsize=618 ok=1
Cmd: preprocessCompute
  insize=7342 outsize=7344 ok=1
Cmd: preprocessCompute
  insize=6196 outsize=6198 ok=1
Cmd: preprocess
  insize=38615 outsize=618 ok=1
Cmd: preprocessCompute
  insize=7242 outsize=7244 ok=1
Cmd: preprocessCompute
  insize=6842 outsize=6844 ok=1
Cmd: preprocess
  insize=38601 outsize=618 ok=1
Cmd: preprocessCompute
  insize=7342 outsize=7344 ok=1
Cmd: preprocessCompute
  insize=6196 outsize=6198 ok=1
Cmd: preprocess
  insize=38615 outsize=618 ok=1
Cmd: preprocessCompute
  insize=7242 outsize=7244 ok=1
Cmd: preprocessCompute
  insize=6842 outsize=6844 ok=1
Cmd: preprocess
  insize=38601 outsize=618 ok=1
Cmd: preprocessCompute
  insize=7342 outsize=7344 ok=1
Cmd: preprocessCompute
  insize=6196 outsize=6198 ok=1
Cmd: preprocess
  insize=38615 outsize=618 ok=1
Cmd: preprocessCompute
  insize=7242 outsize=7244 ok=1
Cmd: preprocessCompute
  insize=6842 outsize=6844 ok=1
Cmd: preprocess
  insize=38601 outsize=618 ok=1
Cmd: preprocessCompute
  insize=7342 outsize=7344 ok=1
Cmd: preprocessCompute
  insize=6196 outsize=6198 ok=1
Cmd: preprocess
  insize=38615 outsize=618 ok=1
Cmd: preprocessCompute
  insize=7242 outsize=7244 ok=1
Cmd: preprocessCompute
  insize=6842 outsize=6844 ok=1
Cmd: preprocess
  insize=38601 outsize=618 ok=1
Cmd: preprocessCompute
  insize=7342 outsize=7344 ok=1
Cmd: preprocessCompute
  insize=6196 outsize=6198 ok=1
Cmd: preprocess
  insize=38615 outsize=618 ok=1
Cmd: preprocessCompute
  insize=7242 outsize=7244 ok=1
Cmd: preprocessCompute
  insize=6842 outsize=6844 ok=1
Cmd: preprocess
  insize=38601 outsize=618 ok=1
Cmd: preprocessCompute
  insize=7342 outsize=7344 ok=1
Cmd: preprocessCompute
  insize=6196 outsize=6198 ok=1
Cmd: preprocess
  insize=38615 outsize=618 ok=1
Cmd: preprocessCompute
  insize=7242 outsize=7244 ok=1
Cmd: preprocessCompute
  insize=6842 outsize=6844 ok=1
Cmd: preprocess
  insize=38601 outsize=618 ok=1
Cmd: preprocessCompute
  insize=7342 outsize=7344 ok=1
Cmd: compileComputeKernel
  api=4 insize=7344 outsize=3304 ok=1
Cmd: preprocessCompute
  insize=6196 outsize=6198 ok=1
Cmd: compileComputeKernel
  api=4 insize=6198 outsize=1505 ok=1
Cmd: preprocess
  insize=38615 outsize=617 ok=1
Cmd: preprocessCompute
  insize=7242 outsize=7244 ok=1
Cmd: preprocessCompute
  insize=6842 outsize=6844 ok=1
Cmd: preprocess
  insize=38601 outsize=618 ok=1
Cmd: preprocessCompute
  insize=7342 outsize=7344 ok=1
Cmd: preprocessCompute
  insize=6196 outsize=6198 ok=1
Cmd: preprocess
  insize=38615 outsize=618 ok=1
Cmd: preprocessCompute
  insize=7242 outsize=7244 ok=1
Cmd: preprocessCompute
  insize=6842 outsize=6844 ok=1
Cmd: preprocess
  insize=38601 outsize=618 ok=1
Cmd: preprocessCompute
  insize=7342 outsize=7344 ok=1
Cmd: preprocessCompute
  insize=6196 outsize=6198 ok=1
Cmd: preprocess
  insize=38615 outsize=618 ok=1
Cmd: preprocessCompute
  insize=7242 outsize=7244 ok=1
Cmd: preprocessCompute
  insize=6842 outsize=6844 ok=1
Cmd: preprocess
  insize=38601 outsize=618 ok=1
Cmd: preprocessCompute
  insize=7342 outsize=7344 ok=1
Cmd: preprocessCompute
  insize=6196 outsize=6198 ok=1
Cmd: preprocess
  insize=38615 outsize=618 ok=1
Cmd: preprocessCompute
  insize=7224 outsize=7226 ok=1
Cmd: compileComputeKernel
  api=4 insize=7226 outsize=2645 ok=1
Cmd: preprocessCompute
  insize=6842 outsize=6844 ok=1
Cmd: preprocess
  insize=38601 outsize=618 ok=1
Cmd: preprocessCompute
  insize=7331 outsize=7333 ok=1
Cmd: compileComputeKernel
  api=4 insize=7333 outsize=3192 ok=1
Cmd: preprocessCompute
  insize=6196 outsize=6198 ok=1
Cmd: preprocess
  insize=38615 outsize=618 ok=1
Cmd: preprocessCompute
  insize=7224 outsize=7226 ok=1
Cmd: preprocessCompute
  insize=6842 outsize=6844 ok=1
Cmd: preprocess
  insize=38601 outsize=618 ok=1
Cmd: preprocessCompute
  insize=7331 outsize=7333 ok=1
Cmd: preprocessCompute
  insize=6196 outsize=6198 ok=1
Cmd: preprocess
  insize=38615 outsize=618 ok=1
